# JRE version: OpenJDK Runtime Environment (8.0_242-b01) (build 1.8.0_242-release-1644-b01)
# Java VM: OpenJDK 64-Bit Server VM (25.242-b01 mixed mode windows-amd64 compressed oops)
Heap:
 PSYoungGen      total 596480K, used 79289K [0x00000000d5580000, 0x0000000100000000, 0x0000000100000000)
  eden space 532992K, 4% used [0x00000000d5580000,0x00000000d6e20cf0,0x00000000f5e00000)
  from space 63488K, 85% used [0x00000000f5e00000,0x00000000f92cda88,0x00000000f9c00000)
  to   space 69120K, 0% used [0x00000000fbc80000,0x00000000fbc80000,0x0000000100000000)
 ParOldGen       total 608768K, used 62699K [0x0000000080000000, 0x00000000a5280000, 0x00000000d5580000)
  object space 608768K, 10% used [0x0000000080000000,0x0000000083d3ad10,0x00000000a5280000)
 Metaspace       used 114503K, capacity 120734K, committed 121048K, reserved 1155072K
  class space    used 14891K, capacity 16095K, committed 16128K, reserved 1048576K
GC Heap History (10 events):
Event: 239.585 GC heap before
{Heap before GC invocations=13 (full 3):
 PSYoungGen      total 384000K, used 383984K [0x00000000d5580000, 0x00000000f5700000, 0x0000000100000000)
  eden space 347648K, 100% used [0x00000000d5580000,0x00000000ea900000,0x00000000ea900000)
  from space 36352K, 99% used [0x00000000ea900000,0x00000000ecc7c2d0,0x00000000ecc80000)
  to   space 48640K, 0% used [0x00000000f2780000,0x00000000f2780000,0x00000000f5700000)
 ParOldGen       total 464384K, used 58138K [0x0000000080000000, 0x000000009c580000, 0x00000000d5580000)
  object space 464384K, 12% used [0x0000000080000000,0x00000000838c6b48,0x000000009c580000)
 Metaspace       used 92707K, capacity 98052K, committed 98264K, reserved 1134592K
  class space    used 12238K, capacity 13298K, committed 13312K, reserved 1048576K
Event: 239.665 GC heap after
Heap after GC invocations=13 (full 3):
 PSYoungGen      total 464896K, used 48612K [0x00000000d5580000, 0x00000000f5c00000, 0x0000000100000000)
  eden space 416256K, 0% used [0x00000000d5580000,0x00000000d5580000,0x00000000eec00000)
  from space 48640K, 99% used [0x00000000f2780000,0x00000000f56f9170,0x00000000f5700000)
  to   space 57344K, 0% used [0x00000000eec00000,0x00000000eec00000,0x00000000f2400000)
 ParOldGen       total 464384K, used 62851K [0x0000000080000000, 0x000000009c580000, 0x00000000d5580000)
  object space 464384K, 13% used [0x0000000080000000,0x0000000083d60c48,0x000000009c580000)
 Metaspace       used 92707K, capacity 98052K, committed 98264K, reserved 1134592K
  class space    used 12238K, capacity 13298K, committed 13312K, reserved 1048576K
}
Event: 240.717 GC heap before
{Heap before GC invocations=14 (full 3):
 PSYoungGen      total 464896K, used 95540K [0x00000000d5580000, 0x00000000f5c00000, 0x0000000100000000)
  eden space 416256K, 11% used [0x00000000d5580000,0x00000000d8353ed8,0x00000000eec00000)
  from space 48640K, 99% used [0x00000000f2780000,0x00000000f56f9170,0x00000000f5700000)
  to   space 57344K, 0% used [0x00000000eec00000,0x00000000eec00000,0x00000000f2400000)
 ParOldGen       total 464384K, used 62851K [0x0000000080000000, 0x000000009c580000, 0x00000000d5580000)
  object space 464384K, 13% used [0x0000000080000000,0x0000000083d60c48,0x000000009c580000)
 Metaspace       used 93054K, capacity 98344K, committed 98380K, reserved 1134592K
  class space    used 12263K, capacity 13302K, committed 13312K, reserved 1048576K
Event: 240.771 GC heap after
Heap after GC invocations=14 (full 3):
 PSYoungGen      total 473600K, used 51082K [0x00000000d5580000, 0x00000000fda00000, 0x0000000100000000)
  eden space 416256K, 0% used [0x00000000d5580000,0x00000000d5580000,0x00000000eec00000)
  from space 57344K, 89% used [0x00000000eec00000,0x00000000f1de2ac0,0x00000000f2400000)
  to   space 63488K, 0% used [0x00000000f9c00000,0x00000000f9c00000,0x00000000fda00000)
 ParOldGen       total 464384K, used 62859K [0x0000000080000000, 0x000000009c580000, 0x00000000d5580000)
  object space 464384K, 13% used [0x0000000080000000,0x0000000083d62c48,0x000000009c580000)
 Metaspace       used 93054K, capacity 98344K, committed 98380K, reserved 1134592K
  class space    used 12263K, capacity 13302K, committed 13312K, reserved 1048576K
}
Event: 240.771 GC heap before
{Heap before GC invocations=15 (full 4):
 PSYoungGen      total 473600K, used 51082K [0x00000000d5580000, 0x00000000fda00000, 0x0000000100000000)
  eden space 416256K, 0% used [0x00000000d5580000,0x00000000d5580000,0x00000000eec00000)
  from space 57344K, 89% used [0x00000000eec00000,0x00000000f1de2ac0,0x00000000f2400000)
  to   space 63488K, 0% used [0x00000000f9c00000,0x00000000f9c00000,0x00000000fda00000)
 ParOldGen       total 464384K, used 62859K [0x0000000080000000, 0x000000009c580000, 0x00000000d5580000)
  object space 464384K, 13% used [0x0000000080000000,0x0000000083d62c48,0x000000009c580000)
 Metaspace       used 93054K, capacity 98344K, committed 98380K, reserved 1134592K
  class space    used 12263K, capacity 13302K, committed 13312K, reserved 1048576K
Event: 241.122 GC heap after
Heap after GC invocations=15 (full 4):
 PSYoungGen      total 473600K, used 0K [0x00000000d5580000, 0x00000000fda00000, 0x0000000100000000)
  eden space 416256K, 0% used [0x00000000d5580000,0x00000000d5580000,0x00000000eec00000)
  from space 57344K, 0% used [0x00000000eec00000,0x00000000eec00000,0x00000000f2400000)
  to   space 63488K, 0% used [0x00000000f9c00000,0x00000000f9c00000,0x00000000fda00000)
 ParOldGen       total 608768K, used 62683K [0x0000000080000000, 0x00000000a5280000, 0x00000000d5580000)
  object space 608768K, 10% used [0x0000000080000000,0x0000000083d36d10,0x00000000a5280000)
 Metaspace       used 92625K, capacity 97112K, committed 98380K, reserved 1134592K
  class space    used 12121K, capacity 13057K, committed 13312K, reserved 1048576K
}
Event: 268.589 GC heap before
{Heap before GC invocations=16 (full 4):
 PSYoungGen      total 473600K, used 416256K [0x00000000d5580000, 0x00000000fda00000, 0x0000000100000000)
  eden space 416256K, 100% used [0x00000000d5580000,0x00000000eec00000,0x00000000eec00000)
  from space 57344K, 0% used [0x00000000eec00000,0x00000000eec00000,0x00000000f2400000)
  to   space 63488K, 0% used [0x00000000f9c00000,0x00000000f9c00000,0x00000000fda00000)
 ParOldGen       total 608768K, used 62683K [0x0000000080000000, 0x00000000a5280000, 0x00000000d5580000)
  object space 608768K, 10% used [0x0000000080000000,0x0000000083d36d10,0x00000000a5280000)
 Metaspace       used 101329K, capacity 106308K, committed 106968K, reserved 1142784K
  class space    used 13147K, capacity 14167K, committed 14336K, reserved 1048576K
Event: 268.619 GC heap after
Heap after GC invocations=16 (full 4):
 PSYoungGen      total 596480K, used 38833K [0x00000000d5580000, 0x00000000fda00000, 0x0000000100000000)
  eden space 532992K, 0% used [0x00000000d5580000,0x00000000d5580000,0x00000000f5e00000)
  from space 63488K, 61% used [0x00000000f9c00000,0x00000000fc1ec6f8,0x00000000fda00000)
  to   space 63488K, 0% used [0x00000000f5e00000,0x00000000f5e00000,0x00000000f9c00000)
 ParOldGen       total 608768K, used 62691K [0x0000000080000000, 0x00000000a5280000, 0x00000000d5580000)
  object space 608768K, 10% used [0x0000000080000000,0x0000000083d38d10,0x00000000a5280000)
 Metaspace       used 101329K, capacity 106308K, committed 106968K, reserved 1142784K
  class space    used 13147K, capacity 14167K, committed 14336K, reserved 1048576K
}
Event: 290.268 GC heap before
{Heap before GC invocations=17 (full 4):
 PSYoungGen      total 596480K, used 571825K [0x00000000d5580000, 0x00000000fda00000, 0x0000000100000000)
  eden space 532992K, 100% used [0x00000000d5580000,0x00000000f5e00000,0x00000000f5e00000)
  from space 63488K, 61% used [0x00000000f9c00000,0x00000000fc1ec6f8,0x00000000fda00000)
  to   space 63488K, 0% used [0x00000000f5e00000,0x00000000f5e00000,0x00000000f9c00000)
 ParOldGen       total 608768K, used 62691K [0x0000000080000000, 0x00000000a5280000, 0x00000000d5580000)
  object space 608768K, 10% used [0x0000000080000000,0x0000000083d38d10,0x00000000a5280000)
 Metaspace       used 114342K, capacity 120508K, committed 120792K, reserved 1155072K
  class space    used 14886K, capacity 16090K, committed 16128K, reserved 1048576K
Event: 290.324 GC heap after
Heap after GC invocations=17 (full 4):
 PSYoungGen      total 596480K, used 54070K [0x00000000d5580000, 0x0000000100000000, 0x0000000100000000)
  eden space 532992K, 0% used [0x00000000d5580000,0x00000000d5580000,0x00000000f5e00000)
  from space 63488K, 85% used [0x00000000f5e00000,0x00000000f92cda88,0x00000000f9c00000)
  to   space 69120K, 0% used [0x00000000fbc80000,0x00000000fbc80000,0x0000000100000000)
 ParOldGen       total 608768K, used 62699K [0x0000000080000000, 0x00000000a5280000, 0x00000000d5580000)
  object space 608768K, 10% used [0x0000000080000000,0x0000000083d3ad10,0x00000000a5280000)
 Metaspace       used 114342K, capacity 120508K, committed 120792K, reserved 1155072K
  class space    used 14886K, capacity 16090K, committed 16128K, reserved 1048576K
}

